This is XeTeX, Version 3.141592653-2.6-0.999996 (MiKTeX 24.4) (preloaded format=xelatex 2024.5.21)  22 MAY 2024 14:25
entering extended mode
 restricted \write18 enabled.
 file:line:error style messages enabled.
 %&-line parsing enabled.
**c:/Users/Legion/Desktop/Polytech/Telecom/labs/lab12/filter_taps/Report/main.tex
(c:/Users/Legion/Desktop/Polytech/Telecom/labs/lab12/filter_taps/Report/main.tex
LaTeX2e <2023-11-01> patch level 1
L3 programming layer <2024-04-11>
(D:\Program Files (x86)\LaTeX\tex/latex/extsizes\extarticle.cls
Document Class: extarticle 1996/10/08 v1.0 Non Standard LaTeX document class
(D:\Program Files (x86)\LaTeX\tex/latex/base\size12.clo
File: size12.clo 2023/05/17 v1.4n Standard LaTeX file (size option)
) (D:\Program Files (x86)\LaTeX\tex/latex/base\exscale.sty
Package: exscale 2018/09/24 v2.1i Standard LaTeX package exscale
LaTeX Font Info:    Redeclaring symbol font `largesymbols' on input line 57.
LaTeX Font Info:    Overwriting symbol font `largesymbols' in version `normal'
(Font)                  OMX/cmex/m/n --> OMX/cmex/m/n on input line 57.
LaTeX Font Info:    Overwriting symbol font `largesymbols' in version `bold'
(Font)                  OMX/cmex/m/n --> OMX/cmex/m/n on input line 57.
\big@size=\dimen140
)
\c@part=\count185
\c@section=\count186
\c@subsection=\count187
\c@subsubsection=\count188
\c@paragraph=\count189
\c@subparagraph=\count190
\c@figure=\count191
\c@table=\count192
\abovecaptionskip=\skip48
\belowcaptionskip=\skip49
\bibindent=\dimen141
)

LaTeX Warning: \include should only be used after \begin{document} on input line 2.

(settings.tex (D:\Program Files (x86)\LaTeX\tex/latex/base\inputenc.sty
Package: inputenc 2021/02/14 v1.3d Input encoding file
\inpenc@prehook=\toks17
\inpenc@posthook=\toks18


Package inputenc Warning: inputenc package ignored with utf8 based engines.

) (D:\Program Files (x86)\LaTeX\tex/latex/base\fontenc.sty
Package: fontenc 2021/04/29 v2.0v Standard LaTeX package
 (D:\Program Files (x86)\LaTeX\tex/latex/cyrillic\t2aenc.def
File: t2aenc.def 2022/06/11 v1.0j Cyrillic encoding definition file
)
LaTeX Font Info:    Trying to load font information for T2A+lmr on input line 112.
LaTeX Font Info:    No file T2Almr.fd. on input line 112.
LaTeX Font Info:    Trying to load font information for T2A+cmr on input line 112.
 (D:\Program Files (x86)\LaTeX\tex/latex/cyrillic\t2acmr.fd
File: t2acmr.fd 2001/08/11 v1.0a Computer Modern Cyrillic font definitions
)

LaTeX Font Warning: Font shape `T2A/lmr/m/n' undefined
(Font)              using `T2A/cmr/m/n' instead on input line 112.

) (D:\Program Files (x86)\LaTeX\tex/generic/babel\babel.sty
Package: babel 2024/04/20 v24.4 The Babel package
\babel@savecnt=\count193
\U@D=\dimen142
\l@unhyphenated=\language79
 (D:\Program Files (x86)\LaTeX\tex/generic/babel\xebabel.def)
\bbl@readstream=\read2
\bbl@dirlevel=\count194

*************************************
* Local config file bblopts.cfg used
*
(D:\Program Files (x86)\LaTeX\tex/latex/arabi\bblopts.cfg
File: bblopts.cfg 2005/09/08 v0.1 add Arabic and Farsi to "declared" options of babel
) (D:\Program Files (x86)\LaTeX\tex/latex/babel-russian\russianb.ldf
File: russianb.ldf 2021/01/10 1.3m Russian support for the Babel system
Language: russian 2020/09/09 1.3k Russian support for the Babel system
Package babel Info: Making " an active character on input line 124.
Package babel Info: Default for \cyrdash is provided on input line 163.
)) (D:\Program Files (x86)\LaTeX\tex/generic/babel/locale/ru\babel-russian.tex
Package babel Info: Importing font and identification data for russian
(babel)             from babel-ru.ini. Reported on input line 11.
) (D:\Program Files (x86)\LaTeX\tex/latex/geometry\geometry.sty
Package: geometry 2020/01/02 v5.9 Page Geometry
 (D:\Program Files (x86)\LaTeX\tex/latex/graphics\keyval.sty
Package: keyval 2022/05/29 v1.15 key=value parser (DPC)
\KV@toks@=\toks19
) (D:\Program Files (x86)\LaTeX\tex/generic/iftex\ifvtex.sty
Package: ifvtex 2019/10/25 v1.7 ifvtex legacy package. Use iftex instead.
 (D:\Program Files (x86)\LaTeX\tex/generic/iftex\iftex.sty
Package: iftex 2022/02/03 v1.0f TeX engine tests
))
\Gm@cnth=\count195
\Gm@cntv=\count196
\c@Gm@tempcnt=\count197
\Gm@bindingoffset=\dimen143
\Gm@wd@mp=\dimen144
\Gm@odd@mp=\dimen145
\Gm@even@mp=\dimen146
\Gm@layoutwidth=\dimen147
\Gm@layoutheight=\dimen148
\Gm@layouthoffset=\dimen149
\Gm@layoutvoffset=\dimen150
\Gm@dimlist=\toks20
 (D:\Program Files (x86)\LaTeX\tex/latex/geometry\geometry.cfg)) (D:\Program Files (x86)\LaTeX\tex/latex/enumitem\enumitem.sty
Package: enumitem 2019/06/20 v3.9 Customized lists
\labelindent=\skip50
\enit@outerparindent=\dimen151
\enit@toks=\toks21
\enit@inbox=\box51
\enit@count@id=\count198
\enitdp@description=\count199
) (D:\Program Files (x86)\LaTeX\tex/latex/graphics\graphicx.sty
Package: graphicx 2021/09/16 v1.2d Enhanced LaTeX Graphics (DPC,SPQR)
 (D:\Program Files (x86)\LaTeX\tex/latex/graphics\graphics.sty
Package: graphics 2022/03/10 v1.4e Standard LaTeX Graphics (DPC,SPQR)
 (D:\Program Files (x86)\LaTeX\tex/latex/graphics\trig.sty
Package: trig 2021/08/11 v1.11 sin cos tan (DPC)
) (D:\Program Files (x86)\LaTeX\tex/latex/graphics-cfg\graphics.cfg
File: graphics.cfg 2016/06/04 v1.11 sample graphics configuration
)
Package graphics Info: Driver file: xetex.def on input line 107.
 (D:\Program Files (x86)\LaTeX\tex/latex/graphics-def\xetex.def
File: xetex.def 2022/09/22 v5.0n Graphics/color driver for xetex
))
\Gin@req@height=\dimen152
\Gin@req@width=\dimen153
) (D:\Program Files (x86)\LaTeX\tex/latex/float\float.sty
Package: float 2001/11/08 v1.3d Float enhancements (AL)
\c@float@type=\count266
\float@exts=\toks22
\float@box=\box52
\@float@everytoks=\toks23
\@floatcapt=\box53
) (D:\Program Files (x86)\LaTeX\tex/latex/titlesec\titlesec.sty
Package: titlesec 2023/10/27 v2.16 Sectioning titles
\ttl@box=\box54
\beforetitleunit=\skip51
\aftertitleunit=\skip52
\ttl@plus=\dimen154
\ttl@minus=\dimen155
\ttl@toksa=\toks24
\titlewidth=\dimen156
\titlewidthlast=\dimen157
\titlewidthfirst=\dimen158
) (D:\Program Files (x86)\LaTeX\tex/latex/titlesec\titletoc.sty
Package: titletoc 2023/10/27 v2.16 TOC entries
\ttl@leftsep=\dimen159
) (D:\Program Files (x86)\LaTeX\tex/latex/chngcntr\chngcntr.sty
Package: chngcntr 2018/04/09 v1.1a change counter resetting
Package chngcntr Info: \counterwithout already defined.
(chngcntr)             Quitting chngcntr on input line 21.
) (D:\Program Files (x86)\LaTeX\tex/latex/fontspec\fontspec.sty (D:\Program Files (x86)\LaTeX\tex/latex/l3packages/xparse\xparse.sty (D:\Program Files (x86)\LaTeX\tex/latex/l3kernel\expl3.sty
Package: expl3 2024-04-11 L3 programming layer (loader) 
 (D:\Program Files (x86)\LaTeX\tex/latex/l3backend\l3backend-xetex.def
File: l3backend-xetex.def 2024-04-11 L3 backend support: XeTeX
\g__graphics_track_int=\count267
\l__pdf_internal_box=\box55
\g__pdf_backend_annotation_int=\count268
\g__pdf_backend_link_int=\count269
))
Package: xparse 2024-03-14 L3 Experimental document command parser
)
Package: fontspec 2024/05/11 v2.9e Font selection for XeLaTeX and LuaLaTeX
 (D:\Program Files (x86)\LaTeX\tex/latex/fontspec\fontspec-xetex.sty
Package: fontspec-xetex 2024/05/11 v2.9e Font selection for XeLaTeX and LuaLaTeX
\l__fontspec_script_int=\count270
\l__fontspec_language_int=\count271
\l__fontspec_strnum_int=\count272
\l__fontspec_tmp_int=\count273
\l__fontspec_tmpa_int=\count274
\l__fontspec_tmpb_int=\count275
\l__fontspec_tmpc_int=\count276
\l__fontspec_em_int=\count277
\l__fontspec_emdef_int=\count278
\l__fontspec_strong_int=\count279
\l__fontspec_strongdef_int=\count280
\l__fontspec_tmpa_dim=\dimen160
\l__fontspec_tmpb_dim=\dimen161
\l__fontspec_tmpc_dim=\dimen162
 (D:\Program Files (x86)\LaTeX\tex/latex/base\fontenc.sty
Package: fontenc 2021/04/29 v2.0v Standard LaTeX package
) (D:\Program Files (x86)\LaTeX\tex/latex/fontspec\fontspec.cfg)))

Package fontspec Info: 
(fontspec)             Font family 'TimesNewRoman(0)' created for font 'Times
(fontspec)             New Roman' with options [Ligatures=TeX].
(fontspec)              
(fontspec)              This font family consists of the following NFSS
(fontspec)             series/shapes:
(fontspec)              
(fontspec)             - 'normal' (m/n) with NFSS spec.: <->"Times New
(fontspec)             Roman/OT:script=latn;language=dflt;mapping=tex-text;"
(fontspec)             - 'small caps'  (m/sc) with NFSS spec.: <->"Times New
(fontspec)             Roman/OT:script=latn;language=dflt;+smcp;mapping=tex-text;"
(fontspec)             - 'bold' (b/n) with NFSS spec.: <->"Times New
(fontspec)             Roman/B/OT:script=latn;language=dflt;mapping=tex-text;"
(fontspec)             - 'bold small caps'  (b/sc) with NFSS spec.: <->"Times
(fontspec)             New
(fontspec)             Roman/B/OT:script=latn;language=dflt;+smcp;mapping=tex-text;"
(fontspec)             - 'italic' (m/it) with NFSS spec.: <->"Times New
(fontspec)             Roman/I/OT:script=latn;language=dflt;mapping=tex-text;"
(fontspec)             - 'italic small caps'  (m/scit) with NFSS spec.:
(fontspec)             <->"Times New
(fontspec)             Roman/I/OT:script=latn;language=dflt;+smcp;mapping=tex-text;"
(fontspec)             - 'bold italic' (b/it) with NFSS spec.: <->"Times New
(fontspec)             Roman/BI/OT:script=latn;language=dflt;mapping=tex-text;"
(fontspec)             - 'bold italic small caps'  (b/scit) with NFSS spec.:
(fontspec)             <->"Times New
(fontspec)             Roman/BI/OT:script=latn;language=dflt;+smcp;mapping=tex-text;"

 (D:\Program Files (x86)\LaTeX\tex/latex/caption\subcaption.sty
Package: subcaption 2023/07/28 v1.6b Sub-captions (AR)
 (D:\Program Files (x86)\LaTeX\tex/latex/caption\caption.sty
Package: caption 2023/08/05 v3.6o Customizing captions (AR)
 (D:\Program Files (x86)\LaTeX\tex/latex/caption\caption3.sty
Package: caption3 2023/07/31 v2.4d caption3 kernel (AR)
\caption@tempdima=\dimen163
\captionmargin=\dimen164
\caption@leftmargin=\dimen165
\caption@rightmargin=\dimen166
\caption@width=\dimen167
\caption@indent=\dimen168
\caption@parindent=\dimen169
\caption@hangindent=\dimen170
Package caption Info: Standard document class detected.
)
\c@caption@flags=\count281
\c@continuedfloat=\count282
Package caption Info: float package is loaded.
)
Package caption Info: New subtype `subfigure' on input line 238.
\c@subfigure=\count283
Package caption Info: New subtype `subtable' on input line 238.
\c@subtable=\count284
) (D:\Program Files (x86)\LaTeX\tex/latex/hyperref\hyperref.sty
Package: hyperref 2024-01-20 v7.01h Hypertext links for LaTeX
 (D:\Program Files (x86)\LaTeX\tex/latex/kvsetkeys\kvsetkeys.sty
Package: kvsetkeys 2022-10-05 v1.19 Key value parser (HO)
) (D:\Program Files (x86)\LaTeX\tex/generic/kvdefinekeys\kvdefinekeys.sty
Package: kvdefinekeys 2019-12-19 v1.6 Define keys (HO)
) (D:\Program Files (x86)\LaTeX\tex/generic/pdfescape\pdfescape.sty
Package: pdfescape 2019/12/09 v1.15 Implements pdfTeX's escape features (HO)
 (D:\Program Files (x86)\LaTeX\tex/generic/ltxcmds\ltxcmds.sty
Package: ltxcmds 2023-12-04 v1.26 LaTeX kernel commands for general use (HO)
) (D:\Program Files (x86)\LaTeX\tex/generic/pdftexcmds\pdftexcmds.sty
Package: pdftexcmds 2020-06-27 v0.33 Utility functions of pdfTeX for LuaTeX (HO)
 (D:\Program Files (x86)\LaTeX\tex/generic/infwarerr\infwarerr.sty
Package: infwarerr 2019/12/03 v1.5 Providing info/warning/error messages (HO)
)
Package pdftexcmds Info: \pdf@primitive is available.
Package pdftexcmds Info: \pdf@ifprimitive is available.
Package pdftexcmds Info: \pdfdraftmode not found.
)) (D:\Program Files (x86)\LaTeX\tex/latex/hycolor\hycolor.sty
Package: hycolor 2020-01-27 v1.10 Color options for hyperref/bookmark (HO)
) (D:\Program Files (x86)\LaTeX\tex/latex/auxhook\auxhook.sty
Package: auxhook 2019-12-17 v1.6 Hooks for auxiliary files (HO)
) (D:\Program Files (x86)\LaTeX\tex/latex/hyperref\nameref.sty
Package: nameref 2023-11-26 v2.56 Cross-referencing by name of section
 (D:\Program Files (x86)\LaTeX\tex/latex/refcount\refcount.sty
Package: refcount 2019/12/15 v3.6 Data extraction from label references (HO)
) (D:\Program Files (x86)\LaTeX\tex/generic/gettitlestring\gettitlestring.sty
Package: gettitlestring 2019/12/15 v1.6 Cleanup title references (HO)
 (D:\Program Files (x86)\LaTeX\tex/latex/kvoptions\kvoptions.sty
Package: kvoptions 2022-06-15 v3.15 Key value format for package options (HO)
))
\c@section@level=\count285
) (D:\Program Files (x86)\LaTeX\tex/latex/etoolbox\etoolbox.sty
Package: etoolbox 2020/10/05 v2.5k e-TeX tools for LaTeX (JAW)
\etb@tempcnta=\count286
)
\@linkdim=\dimen171
\Hy@linkcounter=\count287
\Hy@pagecounter=\count288
 (D:\Program Files (x86)\LaTeX\tex/latex/hyperref\pd1enc.def
File: pd1enc.def 2024-01-20 v7.01h Hyperref: PDFDocEncoding definition (HO)
) (D:\Program Files (x86)\LaTeX\tex/generic/intcalc\intcalc.sty
Package: intcalc 2019/12/15 v1.3 Expandable calculations with integers (HO)
)
\Hy@SavedSpaceFactor=\count289
 (D:\Program Files (x86)\LaTeX\tex/latex/hyperref\puenc.def
File: puenc.def 2024-01-20 v7.01h Hyperref: PDF Unicode definition (HO)
)
Package hyperref Info: Option `unicode' set `true' on input line 3165.
Package hyperref Info: Option `unicode' set `true' on input line 4062.
Package hyperref Info: Option `colorlinks' set `true' on input line 4062.
Package hyperref Info: Hyper figures OFF on input line 4179.
Package hyperref Info: Link nesting OFF on input line 4184.
Package hyperref Info: Hyper index ON on input line 4187.
Package hyperref Info: Plain pages OFF on input line 4194.
Package hyperref Info: Backreferencing OFF on input line 4199.
Package hyperref Info: Implicit mode ON; LaTeX internals redefined.
Package hyperref Info: Bookmarks ON on input line 4446.
\c@Hy@tempcnt=\count290
 (D:\Program Files (x86)\LaTeX\tex/latex/url\url.sty
\Urlmuskip=\muskip16
Package: url 2013/09/16  ver 3.4  Verb mode for urls, etc.
)
LaTeX Info: Redefining \url on input line 4784.
\XeTeXLinkMargin=\dimen172
 (D:\Program Files (x86)\LaTeX\tex/generic/bitset\bitset.sty
Package: bitset 2019/12/09 v1.3 Handle bit-vector datatype (HO)
 (D:\Program Files (x86)\LaTeX\tex/generic/bigintcalc\bigintcalc.sty
Package: bigintcalc 2019/12/15 v1.5 Expandable calculations on big integers (HO)
))
\Fld@menulength=\count291
\Field@Width=\dimen173
\Fld@charsize=\dimen174
Package hyperref Info: Hyper figures OFF on input line 6063.
Package hyperref Info: Link nesting OFF on input line 6068.
Package hyperref Info: Hyper index ON on input line 6071.
Package hyperref Info: backreferencing OFF on input line 6078.
Package hyperref Info: Link coloring ON on input line 6081.
Package hyperref Info: Link coloring with OCG OFF on input line 6088.
Package hyperref Info: PDF/A mode OFF on input line 6093.
 (D:\Program Files (x86)\LaTeX\tex/latex/base\atbegshi-ltx.sty
Package: atbegshi-ltx 2021/01/10 v1.0c Emulation of the original atbegshi
package with kernel methods
)
\Hy@abspage=\count292
\c@Item=\count293
\c@Hfootnote=\count294
)
Package hyperref Info: Driver (autodetected): hxetex.
 (D:\Program Files (x86)\LaTeX\tex/latex/hyperref\hxetex.def
File: hxetex.def 2024-01-20 v7.01h Hyperref driver for XeTeX
 (D:\Program Files (x86)\LaTeX\tex/generic/stringenc\stringenc.sty
Package: stringenc 2019/11/29 v1.12 Convert strings between diff. encodings (HO)
)
\pdfm@box=\box56
\c@Hy@AnnotLevel=\count295
\HyField@AnnotCount=\count296
\Fld@listcount=\count297
\c@bookmark@seq@number=\count298
 (D:\Program Files (x86)\LaTeX\tex/latex/rerunfilecheck\rerunfilecheck.sty
Package: rerunfilecheck 2022-07-10 v1.10 Rerun checks for auxiliary files (HO)
 (D:\Program Files (x86)\LaTeX\tex/latex/base\atveryend-ltx.sty
Package: atveryend-ltx 2020/08/19 v1.0a Emulation of the original atveryend package
with kernel methods
) (D:\Program Files (x86)\LaTeX\tex/generic/uniquecounter\uniquecounter.sty
Package: uniquecounter 2019/12/15 v1.4 Provide unlimited unique counter (HO)
)
Package uniquecounter Info: New unique counter `rerunfilecheck' on input line 285.
)
\Hy@SectionHShift=\skip53
) (D:\Program Files (x86)\LaTeX\tex/latex/hyphenat\hyphenat.sty
Package: hyphenat 2009/09/02 v2.3c hyphenation utilities
\langwohyphens=\language80
LaTeX Info: Redefining \_ on input line 43.
) (D:\Program Files (x86)\LaTeX\tex/latex/fancyhdr\fancyhdr.sty
Package: fancyhdr 2024/04/23 v4.2 Extensive control of page headers and footers
\f@nch@headwidth=\skip54
\f@nch@O@elh=\skip55
\f@nch@O@erh=\skip56
\f@nch@O@olh=\skip57
\f@nch@O@orh=\skip58
\f@nch@O@elf=\skip59
\f@nch@O@erf=\skip60
\f@nch@O@olf=\skip61
\f@nch@O@orf=\skip62
) (D:\Program Files (x86)\LaTeX\tex/latex/listings\listings.sty
\lst@mode=\count299
\lst@gtempboxa=\box57
\lst@token=\toks25
\lst@length=\count300
\lst@currlwidth=\dimen175
\lst@column=\count301
\lst@pos=\count302
\lst@lostspace=\dimen176
\lst@width=\dimen177
\lst@newlines=\count303
\lst@lineno=\count304
\lst@maxwidth=\dimen178
 (D:\Program Files (x86)\LaTeX\tex/latex/listings\lstpatch.sty
File: lstpatch.sty 2024/03/11 1.10a (Carsten Heinz)
) (D:\Program Files (x86)\LaTeX\tex/latex/listings\lstmisc.sty
File: lstmisc.sty 2024/03/11 1.10a (Carsten Heinz)
\c@lstnumber=\count305
\lst@skipnumbers=\count306
\lst@framebox=\box58
) (D:\Program Files (x86)\LaTeX\tex/latex/listings\listings.cfg
File: listings.cfg 2024/03/11 1.10a listings configuration
))
Package: listings 2024/03/11 1.10a (Carsten Heinz)
 (D:\Program Files (x86)\LaTeX\tex/latex/xcolor\xcolor.sty
Package: xcolor 2023/11/15 v3.01 LaTeX color extensions (UK)
 (D:\Program Files (x86)\LaTeX\tex/latex/graphics-cfg\color.cfg
File: color.cfg 2016/01/02 v1.6 sample color configuration
)
Package xcolor Info: Driver file: xetex.def on input line 274.
 (D:\Program Files (x86)\LaTeX\tex/latex/graphics\mathcolor.ltx)
Package xcolor Info: Model `cmy' substituted by `cmy0' on input line 1350.
Package xcolor Info: Model `RGB' extended on input line 1366.
Package xcolor Info: Model `HTML' substituted by `rgb' on input line 1368.
Package xcolor Info: Model `Hsb' substituted by `hsb' on input line 1369.
Package xcolor Info: Model `tHsb' substituted by `hsb' on input line 1370.
Package xcolor Info: Model `HSB' substituted by `hsb' on input line 1371.
Package xcolor Info: Model `Gray' substituted by `gray' on input line 1372.
Package xcolor Info: Model `wave' substituted by `hsb' on input line 1373.
)) (main.aux (titlepage.aux) (content.aux))
\openout1 = `main.aux'.

LaTeX Font Info:    Checking defaults for OML/cmm/m/it on input line 3.
LaTeX Font Info:    ... okay on input line 3.
LaTeX Font Info:    Checking defaults for OMS/cmsy/m/n on input line 3.
LaTeX Font Info:    ... okay on input line 3.
LaTeX Font Info:    Checking defaults for OT1/cmr/m/n on input line 3.
LaTeX Font Info:    ... okay on input line 3.
LaTeX Font Info:    Checking defaults for T1/cmr/m/n on input line 3.
LaTeX Font Info:    ... okay on input line 3.
LaTeX Font Info:    Checking defaults for TS1/cmr/m/n on input line 3.
LaTeX Font Info:    Trying to load font information for TS1+cmr on input line 3.
 (D:\Program Files (x86)\LaTeX\tex/latex/base\ts1cmr.fd
File: ts1cmr.fd 2023/04/13 v2.5m Standard LaTeX font definitions
)
LaTeX Font Info:    ... okay on input line 3.
LaTeX Font Info:    Checking defaults for TU/lmr/m/n on input line 3.
LaTeX Font Info:    ... okay on input line 3.
LaTeX Font Info:    Checking defaults for OMX/cmex/m/n on input line 3.
LaTeX Font Info:    ... okay on input line 3.
LaTeX Font Info:    Checking defaults for U/cmr/m/n on input line 3.
LaTeX Font Info:    ... okay on input line 3.
LaTeX Font Info:    Checking defaults for T2A/cmr/m/n on input line 3.
LaTeX Font Info:    ... okay on input line 3.
LaTeX Font Info:    Checking defaults for PD1/pdf/m/n on input line 3.
LaTeX Font Info:    ... okay on input line 3.
LaTeX Font Info:    Checking defaults for PU/pdf/m/n on input line 3.
LaTeX Font Info:    ... okay on input line 3.
LaTeX Info: Redefining \th on input line 3.

*geometry* driver: auto-detecting
*geometry* detected driver: xetex
*geometry* verbose mode - [ preamble ] result:
* driver: xetex
* paper: a4paper
* layout: <same size as paper>
* layoutoffset:(h,v)=(0.0pt,0.0pt)
* modes: 
* h-part:(L,W,R)=(56.9055pt, 483.69687pt, 56.9055pt)
* v-part:(T,H,B)=(56.9055pt, 731.23584pt, 56.9055pt)
* \paperwidth=597.50787pt
* \paperheight=845.04684pt
* \textwidth=483.69687pt
* \textheight=731.23584pt
* \oddsidemargin=-15.36449pt
* \evensidemargin=-15.36449pt
* \topmargin=-52.36449pt
* \headheight=12.0pt
* \headsep=25.0pt
* \topskip=12.0pt
* \footskip=30.0pt
* \marginparwidth=35.0pt
* \marginparsep=10.0pt
* \columnsep=10.0pt
* \skip\footins=10.8pt plus 4.0pt minus 2.0pt
* \hoffset=0.0pt
* \voffset=0.0pt
* \mag=1000
* \@twocolumnfalse
* \@twosidefalse
* \@mparswitchfalse
* \@reversemarginfalse
* (1in=72.27pt=25.4mm, 1cm=28.453pt)


Package fontspec Info: 
(fontspec)             Adjusting the maths setup (use [no-math] to avoid
(fontspec)             this).

\symlegacymaths=\mathgroup4
LaTeX Font Info:    Overwriting symbol font `legacymaths' in version `bold'
(Font)                  OT1/cmr/m/n --> OT1/cmr/bx/n on input line 3.
LaTeX Font Info:    Redeclaring math accent \acute on input line 3.
LaTeX Font Info:    Redeclaring math accent \grave on input line 3.
LaTeX Font Info:    Redeclaring math accent \ddot on input line 3.
LaTeX Font Info:    Redeclaring math accent \tilde on input line 3.
LaTeX Font Info:    Redeclaring math accent \bar on input line 3.
LaTeX Font Info:    Redeclaring math accent \breve on input line 3.
LaTeX Font Info:    Redeclaring math accent \check on input line 3.
LaTeX Font Info:    Redeclaring math accent \hat on input line 3.
LaTeX Font Info:    Redeclaring math accent \dot on input line 3.
LaTeX Font Info:    Redeclaring math accent \mathring on input line 3.
LaTeX Font Info:    Redeclaring math symbol \colon on input line 3.
LaTeX Font Info:    Redeclaring math symbol \Gamma on input line 3.
LaTeX Font Info:    Redeclaring math symbol \Delta on input line 3.
LaTeX Font Info:    Redeclaring math symbol \Theta on input line 3.
LaTeX Font Info:    Redeclaring math symbol \Lambda on input line 3.
LaTeX Font Info:    Redeclaring math symbol \Xi on input line 3.
LaTeX Font Info:    Redeclaring math symbol \Pi on input line 3.
LaTeX Font Info:    Redeclaring math symbol \Sigma on input line 3.
LaTeX Font Info:    Redeclaring math symbol \Upsilon on input line 3.
LaTeX Font Info:    Redeclaring math symbol \Phi on input line 3.
LaTeX Font Info:    Redeclaring math symbol \Psi on input line 3.
LaTeX Font Info:    Redeclaring math symbol \Omega on input line 3.
LaTeX Font Info:    Redeclaring math symbol \mathdollar on input line 3.
LaTeX Font Info:    Redeclaring symbol font `operators' on input line 3.
LaTeX Font Info:    Encoding `OT1' has changed to `TU' for symbol font
(Font)              `operators' in the math version `normal' on input line 3.
LaTeX Font Info:    Overwriting symbol font `operators' in version `normal'
(Font)                  OT1/cmr/m/n --> TU/TimesNewRoman(0)/m/n on input line 3.
LaTeX Font Info:    Encoding `OT1' has changed to `TU' for symbol font
(Font)              `operators' in the math version `bold' on input line 3.
LaTeX Font Info:    Overwriting symbol font `operators' in version `bold'
(Font)                  OT1/cmr/bx/n --> TU/TimesNewRoman(0)/m/n on input line 3.
LaTeX Font Info:    Overwriting symbol font `operators' in version `normal'
(Font)                  TU/TimesNewRoman(0)/m/n --> TU/TimesNewRoman(0)/m/n on input line 3.
LaTeX Font Info:    Overwriting math alphabet `\mathit' in version `normal'
(Font)                  OT1/cmr/m/it --> TU/TimesNewRoman(0)/m/it on input line 3.
LaTeX Font Info:    Overwriting math alphabet `\mathbf' in version `normal'
(Font)                  OT1/cmr/bx/n --> TU/TimesNewRoman(0)/b/n on input line 3.
LaTeX Font Info:    Overwriting math alphabet `\mathsf' in version `normal'
(Font)                  OT1/cmss/m/n --> TU/lmss/m/n on input line 3.
LaTeX Font Info:    Overwriting math alphabet `\mathtt' in version `normal'
(Font)                  OT1/cmtt/m/n --> TU/lmtt/m/n on input line 3.
LaTeX Font Info:    Overwriting symbol font `operators' in version `bold'
(Font)                  TU/TimesNewRoman(0)/m/n --> TU/TimesNewRoman(0)/b/n on input line 3.
LaTeX Font Info:    Overwriting math alphabet `\mathit' in version `bold'
(Font)                  OT1/cmr/bx/it --> TU/TimesNewRoman(0)/b/it on input line 3.
LaTeX Font Info:    Overwriting math alphabet `\mathsf' in version `bold'
(Font)                  OT1/cmss/bx/n --> TU/lmss/b/n on input line 3.
LaTeX Font Info:    Overwriting math alphabet `\mathtt' in version `bold'
(Font)                  OT1/cmtt/m/n --> TU/lmtt/b/n on input line 3.
Package caption Info: Begin \AtBeginDocument code.
Package caption Info: hyperref package is loaded.
Package caption Info: listings package is loaded.
Package caption Info: End \AtBeginDocument code.
Package hyperref Info: Link coloring ON on input line 3.
(main.out) (main.out)
\@outlinefile=\write3
\openout3 = `main.out'.

\c@lstlisting=\count307
\openout2 = `titlepage.aux'.

 (titlepage.tex
LaTeX Font Info:    External font `cmex7' loaded for size
(Font)              <7> on input line 15.

Underfull \hbox (badness 10000) in paragraph at lines 15--17

 []


Underfull \hbox (badness 10000) in paragraph at lines 18--20

 []

[1


])
\openout2 = `content.aux'.

 (content.tex (main.toc
LaTeX Font Info:    External font `cmex7' loaded for size
(Font)              <6> on input line 5.
)
\tf@toc=\write4
\openout4 = `main.toc'.

 [1



])
Underfull \hbox (badness 1796) in paragraph at lines 16--24
\TU/TimesNewRoman(0)/m/n/12 способов создания и настройки фильтровых коэффициентов (filter taps) для подавления
 []


Underfull \hbox (badness 1292) in paragraph at lines 16--24
\TU/TimesNewRoman(0)/m/n/12 как изменение параметров фильтра и его частотного диапазона. Полученные результаты
 []

File: pic/cos_schem.png Graphic file (type bmp)
<pic/cos_schem.png>

Underfull \hbox (badness 10000) in paragraph at lines 31--43

 []


Underfull \hbox (badness 7869) in paragraph at lines 46--48
[]\TU/TimesNewRoman(0)/b/n/12 Varible \TU/TimesNewRoman(0)/m/n/12 - используется для хранения переменной \TU/TimesNewRoman(0)/m/it/12 samp_-rate, \TU/TimesNewRoman(0)/m/n/12 от которой будут
 []

[2


]
File: pic/Low_Pass.png Graphic file (type bmp)
<pic/Low_Pass.png>

Underfull \hbox (badness 1924) in paragraph at lines 64--70
 \TU/TimesNewRoman(0)/m/n/12 Одним из ключивых элементов схемы является \TU/TimesNewRoman(0)/b/n/12 Low Pass Filter\TU/TimesNewRoman(0)/m/n/12 , рассмотрим его
 []


Underfull \hbox (badness 10000) in paragraph at lines 64--70

 []


Underfull \hbox (badness 2035) in paragraph at lines 76--78
[]\TU/TimesNewRoman(0)/b/n/12 Decimation \TU/TimesNewRoman(0)/m/n/12 - определяет коэффициент децимации фильтра, который указывает, на
 []


Underfull \hbox (badness 6047) in paragraph at lines 91--94
[]\TU/TimesNewRoman(0)/b/n/12 Beta \TU/TimesNewRoman(0)/m/n/12 - параметр, который применяется только к окну Кайзера. Этот параметр
 []

[3]
File: pic/FIR_Filter.png Graphic file (type bmp)
<pic/FIR_Filter.png>

Underfull \hbox (badness 10000) in paragraph at lines 105--113

 []


Underfull \hbox (badness 3260) in paragraph at lines 122--123
[]\TU/TimesNewRoman(0)/m/it/12 Примеры\TU/TimesNewRoman(0)/m/n/12 : Низкочастотный фильтр (Lowpass Filter), Высокочастотный фильтр
 []


Underfull \hbox (badness 7047) in paragraph at lines 122--123
\TU/TimesNewRoman(0)/m/n/12 (Highpass Filter), Полосовой фильтр (Bandpass Filter), Режекторный фильтр
 []


Underfull \hbox (badness 1931) in paragraph at lines 127--128
[]\TU/TimesNewRoman(0)/m/it/12 Описание\TU/TimesNewRoman(0)/m/n/12 : Указывает коэффициент децимации, который определяет, насколько
 []


Underfull \hbox (badness 6493) in paragraph at lines 133--134
\TU/TimesNewRoman(0)/m/n/12 характеристики фильтра, такие как полоса пропускания и крутизна спада.
 []


Underfull \hbox (badness 2173) in paragraph at lines 133--134
\TU/TimesNewRoman(0)/m/n/12 Коэффициенты могут быть рассчитаны с использованием различных методов
 []

[4]
Underfull \hbox (badness 1577) in paragraph at lines 145--146
[]\TU/TimesNewRoman(0)/m/it/12 Описание\TU/TimesNewRoman(0)/m/n/12 : Указывает частоту дискретизации входного сигнала. Этот параметр
 []

[5]
File: pic/Low_Pass_Taps.png Graphic file (type bmp)
<pic/Low_Pass_Taps.png>

Underfull \hbox (badness 10000) in paragraph at lines 185--191

 []


Underfull \hbox (badness 3471) in paragraph at lines 193--196
[]\TU/TimesNewRoman(0)/m/n/12 Элемент \TU/TimesNewRoman(0)/b/n/12 Low-Pass Filter Taps \TU/TimesNewRoman(0)/m/n/12 в GNU Radio используется для создания набора
 []


Underfull \hbox (badness 2626) in paragraph at lines 206--207
[]\TU/TimesNewRoman(0)/m/it/12 Описание\TU/TimesNewRoman(0)/m/n/12 : Определяет частоту, выше которой сигнал будет подавляться. Это
 []


Underfull \hbox (badness 3439) in paragraph at lines 207--208
[]\TU/TimesNewRoman(0)/m/it/12 Пример\TU/TimesNewRoman(0)/m/n/12 : Если указано значение 100 kHz, то частоты выше 100 kHz будут
 []


Underfull \hbox (badness 2020) in paragraph at lines 212--213
\TU/TimesNewRoman(0)/m/n/12 пропускания к подавлению. Ширина переходной области влияет на крутизну
 []


Underfull \hbox (badness 2150) in paragraph at lines 213--214
[]\TU/TimesNewRoman(0)/m/it/12 Пример\TU/TimesNewRoman(0)/m/n/12 : Если указана ширина 10 kHz, фильтр будет переходить от полного
 []


Underfull \hbox (badness 1688) in paragraph at lines 213--214
\TU/TimesNewRoman(0)/m/n/12 пропускания частот ниже частоты среза к полному подавлению частот выше
 []


Underfull \hbox (badness 10000) in paragraph at lines 218--219
[]\TU/TimesNewRoman(0)/m/it/12 Описание\TU/TimesNewRoman(0)/m/n/12 : Определяет тип оконной функции, используемой для расчета
 []


Underfull \hbox (badness 10000) in paragraph at lines 218--219
\TU/TimesNewRoman(0)/m/n/12 коэффициентов фильтра. Различные оконные функции имеют разные
 []

[6]
File: pic/schem_1.png Graphic file (type bmp)
<pic/schem_1.png>

Underfull \hbox (badness 10000) in paragraph at lines 236--242

 []


Underfull \hbox (badness 5231) in paragraph at lines 257--258
[]\TU/TimesNewRoman(0)/b/n/12 Frequency Xlating FIR Filter (Частотно-смещающий FIR фильтр)\TU/TimesNewRoman(0)/m/n/12 : Применяет
 []

[7]
Underfull \hbox (badness 10000) in paragraph at lines 258--259
[]\TU/TimesNewRoman(0)/b/n/12 Throttle (Регулятор скорости)\TU/TimesNewRoman(0)/m/n/12 : Ограничивает скорость потока данных, чтобы
 []


Underfull \hbox (badness 1038) in paragraph at lines 294--295
[]\TU/TimesNewRoman(0)/m/n/12 Позволяет визуально наблюдать спектр сигнала и подтверждать теоретические
 []

File: pic/graph_1.png Graphic file (type bmp)
<pic/graph_1.png>

Underfull \hbox (badness 10000) in paragraph at lines 300--310

 []

[8]
Underfull \hbox (badness 5667) in paragraph at lines 320--321
\TU/TimesNewRoman(0)/m/n/12 сигналу с частотой 0 Гц. Это то, что ожидалось, так как первоначально
 []


Underfull \hbox (badness 1383) in paragraph at lines 336--337
[]\TU/TimesNewRoman(0)/m/n/12 Наблюдаются плавные переходы на частотах близких к 8 кГц и -8 кГц. Это
 []


Underfull \hbox (badness 1038) in paragraph at lines 336--337
\TU/TimesNewRoman(0)/m/n/12 соответствует переходной области фильтра, где амплитуда сигнала постепенно
 []

[9]
File: pic/schem_2.png Graphic file (type bmp)
<pic/schem_2.png>

Underfull \hbox (badness 10000) in paragraph at lines 372--378

 []


Underfull \hbox (badness 3088) in paragraph at lines 390--391
[]\TU/TimesNewRoman(0)/b/n/12 Frequency Xlating FIR Filter\TU/TimesNewRoman(0)/m/n/12 : осуществляет фильтрацию сигнала, используя
 []


Underfull \hbox (badness 1127) in paragraph at lines 391--392
[]\TU/TimesNewRoman(0)/b/n/12 Sink (например, Time Sink и Frequency Sink)\TU/TimesNewRoman(0)/m/n/12 : визуализируют обработанный
 []

[10]
Underfull \hbox (badness 1616) in paragraph at lines 395--398
[]\TU/TimesNewRoman(0)/m/n/12 Коэффициенты фильтра задаются вручную в виде массива значений, которые
 []

File: pic/graph_2.png Graphic file (type bmp)
<pic/graph_2.png>

Underfull \hbox (badness 10000) in paragraph at lines 426--436

 []

[11]
Underfull \hbox (badness 1019) in paragraph at lines 446--448
[]\TU/TimesNewRoman(0)/b/n/12 Полоса пропускания: \TU/TimesNewRoman(0)/m/n/12 Виден множественный узор пиков и провалов, что типично
 []


Underfull \hbox (badness 2478) in paragraph at lines 478--482
\TU/TimesNewRoman(0)/m/n/12 сложных типов данных для входных и выходных данных, а также вещественных или
 []


Underfull \hbox (badness 1043) in paragraph at lines 478--482
\TU/TimesNewRoman(0)/m/n/12 комплексных весовых коэффициентов фильтров для преобразования реального сигнала в
 []


Underfull \hbox (badness 1028) in paragraph at lines 488--491
[]\TU/TimesNewRoman(0)/m/n/12 Отводы \TU/TimesNewRoman(0)/b/n/12 lowPassTap \TU/TimesNewRoman(0)/m/n/12 используются в качестве основы для комплексного полосового
 []


Underfull \hbox (badness 1902) in paragraph at lines 488--491
\TU/TimesNewRoman(0)/m/n/12 фильтра. Создадим переменную \TU/lmtt/m/n/12 n \TU/TimesNewRoman(0)/m/n/12 со значением \TU/lmtt/m/n/12 np.arange(0,len(lowPassTaps))\TU/TimesNewRoman(0)/m/n/12 ,
 []

[12]
Underfull \hbox (badness 10000) in paragraph at lines 494--496
[]\TU/TimesNewRoman(0)/m/n/12 Заменим элемент \TU/TimesNewRoman(0)/b/n/12 lowPassTaps \TU/TimesNewRoman(0)/m/n/12 на \TU/TimesNewRoman(0)/b/n/12 bandPassTaps \TU/TimesNewRoman(0)/m/n/12 в фильтре Frequency Xlating.
 []

File: pic/schem_3.png Graphic file (type bmp)
<pic/schem_3.png>

Underfull \hbox (badness 10000) in paragraph at lines 498--504

 []


Underfull \hbox (badness 5022) in paragraph at lines 513--517
[]\TU/TimesNewRoman(0)/m/n/12 Основной принцип схемы \TU/lmtt/m/n/12 "Real to Complex Filter" \TU/TimesNewRoman(0)/m/n/12 заключается в разделении
 []


Underfull \hbox (badness 10000) in paragraph at lines 513--517
\TU/TimesNewRoman(0)/m/n/12 реального сигнала на два компонента: вещественную и мнимую части. Это
 []


Underfull \hbox (badness 2057) in paragraph at lines 513--517
\TU/TimesNewRoman(0)/m/n/12 преобразование выполняется с использованием фильтров сдвига и преобразования
 []

[13]
Underfull \hbox (badness 2753) in paragraph at lines 553--554
[]\TU/TimesNewRoman(0)/m/n/12 Аналитический сигнал $\OML/cmm/m/it/12 z\OT1/cmr/m/n/12 (\OML/cmm/m/it/12 t\OT1/cmr/m/n/12 )$ \TU/TimesNewRoman(0)/m/n/12 для реального сигнала $\OML/cmm/m/it/12 x\OT1/cmr/m/n/12 (\OML/cmm/m/it/12 t\OT1/cmr/m/n/12 )$ \TU/TimesNewRoman(0)/m/n/12 формируется следующим
 []


Underfull \hbox (badness 1939) in paragraph at lines 566--567
[]\TU/TimesNewRoman(0)/b/n/12 Отделение положительных и отрицательных частот: \TU/TimesNewRoman(0)/m/n/12 Преобразование Гильберта
 []


Underfull \hbox (badness 10000) in paragraph at lines 566--567
\TU/TimesNewRoman(0)/m/n/12 используется для создания аналитического сигнала, который содержит только
 []


Underfull \hbox (badness 7415) in paragraph at lines 582--586
\TU/TimesNewRoman(0)/m/n/12 эффективно разделяют положительные и отрицательные частоты, позволяя сохранять
 []

File: pic/graph_3.png Graphic file (type bmp)
<pic/graph_3.png>

Underfull \hbox (badness 10000) in paragraph at lines 590--600

 []

[14] [15]
Underfull \hbox (badness 10000) in paragraph at lines 630--634
\TU/TimesNewRoman(0)/m/n/12 в среде GNU Radio. Мы рассмотрели основные виды фильтров (низкочастотные,
 []


Underfull \hbox (badness 10000) in paragraph at lines 630--634
\TU/TimesNewRoman(0)/m/n/12 оконных функций и сглаживания, а также проанализировали амплитудно-частотные
 []

[16] (main.aux (titlepage.aux) (content.aux))
 ***********
LaTeX2e <2023-11-01> patch level 1
L3 programming layer <2024-04-11>
 ***********


LaTeX Font Warning: Some font shapes were not available, defaults substituted.

Package rerunfilecheck Info: File `main.out' has not changed.
(rerunfilecheck)             Checksum: A36B5D1CBE9C9875133AFA28A738163B;3906.
 ) 
Here is how much of TeX's memory you used:
 17463 strings out of 409500
 330104 string characters out of 5774024
 1932406 words of memory out of 5000000
 39463 multiletter control sequences out of 15000+600000
 564018 words of font info for 84 fonts, out of 8000000 for 9000
 1348 hyphenation exceptions out of 8191
 86i,12n,98p,422b,561s stack positions out of 10000i,1000n,20000p,200000b,200000s

Output written on main.xdv (17 pages, 319896 bytes).
