\BOOKMARK [1][-]{section.1}{\376\377\004\027\004\060\004\064\004\060\004\107\004\060}{}% 1
\BOOKMARK [1][-]{section.2}{\376\377\004\045\004\076\004\064\000\040\004\100\004\060\004\061\004\076\004\102\004\113}{}% 2
\BOOKMARK [2][-]{subsection.2.1}{\376\377\004\037\004\076\004\064\004\063\004\076\004\102\004\076\004\062\004\072\004\060\000\040\004\070\004\101\004\105\004\076\004\064\004\075\004\076\004\071\000\040\004\101\004\105\004\065\004\074\004\113}{section.2}% 3
\BOOKMARK [3][-]{subsubsection.2.1.1}{\376\377\004\041\004\105\004\065\004\074\004\060\000\040\004\070\004\067\000\040\0001\000\040\004\102\004\103\004\102\004\076\004\100\004\070\004\060\004\073\004\060}{subsection.2.1}% 4
\BOOKMARK [3][-]{subsubsection.2.1.2}{\376\377\000L\000o\000w\000\040\000P\000a\000s\000s\000\040\000F\000i\000l\000t\000e\000r}{subsection.2.1}% 5
\BOOKMARK [2][-]{subsection.2.2}{\376\377\000D\000e\000s\000i\000g\000n\000i\000n\000g\000\040\000t\000h\000e\000\040\000F\000i\000l\000t\000e\000r\000\040\000T\000a\000p\000s}{section.2}% 6
\BOOKMARK [3][-]{subsubsection.2.2.1}{\376\377\000F\000r\000e\000q\000u\000e\000n\000c\000y\000\040\000X\000l\000a\000t\000i\000n\000g\000\040\000F\000I\000R\000\040\000F\000i\000l\000t\000e\000r}{subsection.2.2}% 7
\BOOKMARK [3][-]{subsubsection.2.2.2}{\376\377\000L\000o\000w\000-\000P\000a\000s\000s\000\040\000F\000i\000l\000t\000e\000r\000\040\000T\000a\000p\000s}{subsection.2.2}% 8
\BOOKMARK [3][-]{subsubsection.2.2.3}{\376\377\004\020\004\075\004\060\004\073\004\070\004\067\000\040\004\101\004\105\004\065\004\074\004\113}{subsection.2.2}% 9
\BOOKMARK [3][-]{subsubsection.2.2.4}{\376\377\004\027\004\060\004\077\004\103\004\101\004\072\000\040\004\061\004\073\004\076\004\072\000-\004\101\004\105\004\065\004\074\004\113}{subsection.2.2}% 10
\BOOKMARK [3][-]{subsubsection.2.2.5}{\376\377\004\020\004\075\004\060\004\073\004\070\004\067\000\040\004\063\004\100\004\060\004\104\004\070\004\072\004\060}{subsection.2.2}% 11
\BOOKMARK [2][-]{subsection.2.3}{\376\377\000E\000n\000t\000e\000r\000i\000n\000g\000\040\000F\000i\000l\000t\000e\000r\000\040\000T\000a\000p\000s\000\040\000M\000a\000n\000u\000a\000l\000l\000y}{section.2}% 12
\BOOKMARK [3][-]{subsubsection.2.3.1}{\376\377\004\030\004\067\004\074\004\065\004\075\004\065\004\075\004\070\004\065\000\040\004\101\004\105\004\065\004\074\004\113}{subsection.2.3}% 13
\BOOKMARK [3][-]{subsubsection.2.3.2}{\376\377\004\020\004\075\004\060\004\073\004\070\004\067\000\040\004\101\004\105\004\065\004\074\004\113}{subsection.2.3}% 14
\BOOKMARK [3][-]{subsubsection.2.3.3}{\376\377\004\027\004\060\004\077\004\103\004\101\004\072\000\040\004\061\004\073\004\076\004\072\000-\004\101\004\105\004\065\004\074\004\113}{subsection.2.3}% 15
\BOOKMARK [3][-]{subsubsection.2.3.4}{\376\377\004\020\004\075\004\060\004\073\004\070\004\067\000\040\004\063\004\100\004\060\004\104\004\070\004\072\004\060}{subsection.2.3}% 16
\BOOKMARK [2][-]{subsection.2.4}{\376\377\000R\000e\000a\000l\000\040\000t\000o\000\040\000C\000o\000m\000p\000l\000e\000x\000\040\000F\000i\000l\000t\000e\000r}{section.2}% 17
\BOOKMARK [3][-]{subsubsection.2.4.1}{\376\377\004\030\004\067\004\074\004\065\004\075\004\065\004\075\004\070\004\065\000\040\004\101\004\105\004\065\004\074\004\113}{subsection.2.4}% 18
\BOOKMARK [3][-]{subsubsection.2.4.2}{\376\377\004\020\004\075\004\060\004\073\004\070\004\067\000\040\004\101\004\105\004\065\004\074\004\113}{subsection.2.4}% 19
\BOOKMARK [3][-]{subsubsection.2.4.3}{\376\377\004\027\004\060\004\077\004\103\004\101\004\072\000\040\004\061\004\073\004\076\004\072\000-\004\101\004\105\004\065\004\074\004\113}{subsection.2.4}% 20
\BOOKMARK [3][-]{subsubsection.2.4.4}{\376\377\004\020\004\075\004\060\004\073\004\070\004\067\000\040\004\063\004\100\004\060\004\104\004\070\004\072\004\060}{subsection.2.4}% 21
\BOOKMARK [1][-]{section.3}{\376\377\004\022\004\113\004\062\004\076\004\064}{}% 22
